<?xml version="1.0" encoding="UTF-8"?>
<!-- Generated by org.testng.reporters.JUnitReportReporter -->
<testsuite hostname="DESKTOP-JNL3PHP" failures="0" tests="1" name="testCasesOrHRM.TC_001_login_orangeHRM" time="2.416" errors="0" timestamp="2025-10-31T22:04:10 IST" skipped="0">
  <testcase classname="testCasesOrHRM.TC_001_login_orangeHRM" name="loginTestorHRM" time="2.416"/>
</testsuite> <!-- testCasesOrHRM.TC_001_login_orangeHRM -->
