<?xml version="1.0" encoding="UTF-8"?>
<!-- Generated by org.testng.reporters.JUnitReportReporter -->
<testsuite hostname="DESKTOP-JNL3PHP" failures="0" tests="1" name="testCasesOrHRM.TC_003_addEmployee" time="26.255" errors="0" timestamp="2025-10-31T23:10:26 IST" skipped="0">
  <testcase classname="testCasesOrHRM.TC_003_addEmployee" name="verify_addEmplyee" time="26.255"/>
</testsuite> <!-- testCasesOrHRM.TC_003_addEmployee -->
