<?xml version="1.0" encoding="UTF-8"?>
<!-- Generated by org.testng.reporters.JUnitReportReporter -->
<testsuite hostname="DESKTOP-JNL3PHP" failures="0" tests="1" name="testCasesOrHRM.TC_002_EmployeeSearch" time="7.751" errors="0" timestamp="2025-10-18T12:11:18 IST" skipped="0">
  <testcase classname="testCasesOrHRM.TC_002_EmployeeSearch" name="test_empSearch" time="7.751"/>
</testsuite> <!-- testCasesOrHRM.TC_002_EmployeeSearch -->
