<?xml version="1.0" encoding="UTF-8"?>
<!-- Generated by org.testng.reporters.JUnitReportReporter -->
<testsuite hostname="DESKTOP-JNL3PHP" failures="0" tests="1" name="testCasesOrHRM.TC_003_addEmployee" time="29.238" errors="0" timestamp="2025-10-30T08:49:40 IST" skipped="0">
  <testcase classname="testCasesOrHRM.TC_003_addEmployee" name="verify_addEmplyee" time="29.238"/>
</testsuite> <!-- testCasesOrHRM.TC_003_addEmployee -->
