<?xml version="1.0" encoding="UTF-8"?>
<!-- Generated by org.testng.reporters.JUnitReportReporter -->
<testsuite hostname="DESKTOP-JNL3PHP" failures="0" tests="1" name="testCasesOrHRM.TC_001_login_orangeHRM" time="1.164" errors="0" timestamp="2025-10-30T12:11:21 IST" skipped="0">
  <testcase classname="testCasesOrHRM.TC_001_login_orangeHRM" name="loginTestorHRM" time="1.164"/>
</testsuite> <!-- testCasesOrHRM.TC_001_login_orangeHRM -->
